#
# There is insufficient memory for the Java Runtime Environment to continue.
# Native memory allocation (mmap) failed to map 67108864 bytes for G1 virtual space
# Possible reasons:
#   The system is out of physical RAM or swap space
#   The process is running with CompressedOops enabled, and the Java Heap may be blocking the growth of the native heap
# Possible solutions:
#   Reduce memory load on the system
#   Increase physical memory or swap space
#   Check if swap backing store is full
#   Decrease Java heap size (-Xmx/-Xms)
#   Decrease number of Java threads
#   Decrease Java thread stack sizes (-Xss)
#   Set larger code cache with -XX:ReservedCodeCacheSize=
#   JVM is running with Unscaled Compressed Oops mode in which the Java heap is
#     placed in the first 4GB address space. The Java Heap base address is the
#     maximum limit for the native heap growth. Please use -XX:HeapBaseMinAddress
#     to set the Java Heap base and to place the Java Heap above 4GB virtual address.
# This output file may be truncated or incomplete.
#
#  Out of Memory Error (os_windows.cpp:3466), pid=6032, tid=14648
#
# JRE version:  (16.0+36) (build )
# Java VM: Java HotSpot(TM) 64-Bit Server VM (16+36-2231, mixed mode, sharing, tiered, compressed oops, g1 gc, windows-amd64)
# No core dump will be written. Minidumps are not enabled by default on client versions of Windows
#

---------------  S U M M A R Y ------------

Command Line: -Dclassworlds.conf=C:\Program Files\NetBeans-12.3\netbeans\java\maven\bin\..\bin\m2.conf -Dmaven.home=C:\Program Files\NetBeans-12.3\netbeans\java\maven\bin\.. -Dlibrary.jansi.path=C:\Program Files\NetBeans-12.3\netbeans\java\maven\bin\..\lib\jansi-native -Dmaven.multiModuleProjectDirectory=C:\Users\KHOMOTSO\Documents\NetBeansProjects\AdpAssessmentProject org.codehaus.plexus.classworlds.launcher.Launcher -Dtest=za.ac.mycput.adpassessmentproject.TriangleAreaTest#testTimeout -Dmaven.ext.class.path=C:\Program Files\NetBeans-12.3\netbeans\java\maven-nblib\netbeans-eventspy.jar -Dfile.encoding=UTF-8 surefire:test

Host: AMD A4-9125 RADEON R3, 4 COMPUTE CORES 2C+2G   , 2 cores, 3G,  Windows 10 , 64 bit Build 18362 (10.0.18362.1316)
Time: Wed Mar 31 14:11:19 2021 South Africa Standard Time elapsed time: 0.083336 seconds (0d 0h 0m 0s)

---------------  T H R E A D  ---------------

Current thread (0x00000241b43ebea0):  JavaThread "Unknown thread" [_thread_in_vm, id=14648, stack(0x0000007724a00000,0x0000007724b00000)]

Stack: [0x0000007724a00000,0x0000007724b00000]
Native frames: (J=compiled Java code, j=interpreted, Vv=VM code, C=native code)
V  [jvm.dll+0x6681da]
V  [jvm.dll+0x7c9d99]
V  [jvm.dll+0x7cb4d3]
V  [jvm.dll+0x7cbb33]
V  [jvm.dll+0x242ee5]
V  [jvm.dll+0x664f99]
V  [jvm.dll+0x659b85]
V  [jvm.dll+0x2fbfcb]
V  [jvm.dll+0x3031c6]
V  [jvm.dll+0x352a0e]
V  [jvm.dll+0x352c3f]
V  [jvm.dll+0x2d3038]
V  [jvm.dll+0x2d4274]
V  [jvm.dll+0x79c691]
V  [jvm.dll+0x3607b1]
V  [jvm.dll+0x77a370]
V  [jvm.dll+0x3e501f]
V  [jvm.dll+0x3e6af1]
C  [jli.dll+0x52fb]
C  [ucrtbase.dll+0x210b2]
C  [KERNEL32.DLL+0x17c24]
C  [ntdll.dll+0x6d4d1]


---------------  P R O C E S S  ---------------

Threads class SMR info:
_java_thread_list=0x00007ff91ebccbb8, length=0, elements={
}

Java Threads: ( => current thread )

Other Threads:
  0x00000241b4418ed0 GCTaskThread "GC Thread#0" [stack: 0x0000007724b00000,0x0000007724c00000] [id=4548]
  0x00000241b4421c90 ConcurrentGCThread "G1 Main Marker" [stack: 0x0000007724c00000,0x0000007724d00000] [id=8540]
  0x00000241b4422790 ConcurrentGCThread "G1 Conc#0" [stack: 0x0000007724d00000,0x0000007724e00000] [id=12732]

[error occurred during error reporting (printing all threads), id 0xc0000005, EXCEPTION_ACCESS_VIOLATION (0xc0000005) at pc=0x00007ff91e3a3ef7]

VM state: not at safepoint (not fully initialized)

VM Mutex/Monitor currently owned by a thread:  ([mutex/lock_event])
[0x00000241b43e8bc0] Heap_lock - owner thread: 0x00000241b43ebea0

Heap address: 0x00000000c1c00000, size: 996 MB, Compressed Oops mode: 32-bit
CDS archive(s) mapped at: [0x0000000000000000-0x0000000000000000-0x0000000000000000), size 0, SharedBaseAddress: 0x0000000800000000, ArchiveRelocationMode: 0.
Narrow klass base: 0x0000000000000000, Narrow klass shift: 0, Narrow klass range: 0x0

GC Precious Log:
<Empty>

Heap:
 garbage-first heap   total 0K, used 0K [0x00000000c1c00000, 0x0000000100000000)
  region size 1024K, 0 young (0K), 0 survivors (0K)

[error occurred during error reporting (printing heap information), id 0xc0000005, EXCEPTION_ACCESS_VIOLATION (0xc0000005) at pc=0x00007ff91e781edd]

GC Heap History (0 events):
No events

Deoptimization events (0 events):
No events

Classes unloaded (0 events):
No events

Classes redefined (0 events):
No events

Internal exceptions (0 events):
No events

Events (1 events):
Event: 0.050 Loaded shared library C:\Program Files\Java\jdk-16\bin\java.dll


Dynamic libraries:
0x00007ff73e3d0000 - 0x00007ff73e3e0000 	C:\Program Files\Java\jdk-16\bin\java.exe
0x00007ff96e660000 - 0x00007ff96e850000 	C:\WINDOWS\SYSTEM32\ntdll.dll
0x00007ff96ce60000 - 0x00007ff96cf12000 	C:\WINDOWS\System32\KERNEL32.DLL
0x00007ff96b780000 - 0x00007ff96ba25000 	C:\WINDOWS\System32\KERNELBASE.dll
0x00007ff9693a0000 - 0x00007ff96942f000 	C:\WINDOWS\SYSTEM32\apphelp.dll
0x00007ff96bb50000 - 0x00007ff96bc4a000 	C:\WINDOWS\System32\ucrtbase.dll
0x00007ff951e30000 - 0x00007ff951e48000 	C:\Program Files\Java\jdk-16\bin\jli.dll
0x00007ff96cfa0000 - 0x00007ff96d043000 	C:\WINDOWS\System32\ADVAPI32.dll
0x00007ff96cbe0000 - 0x00007ff96cc7e000 	C:\WINDOWS\System32\msvcrt.dll
0x00007ff96da20000 - 0x00007ff96dab7000 	C:\WINDOWS\System32\sechost.dll
0x00007ff96d050000 - 0x00007ff96d16f000 	C:\WINDOWS\System32\RPCRT4.dll
0x00007ff96ca40000 - 0x00007ff96cbd4000 	C:\WINDOWS\System32\USER32.dll
0x00007ff96ba90000 - 0x00007ff96bab1000 	C:\WINDOWS\System32\win32u.dll
0x00007ff96c7c0000 - 0x00007ff96c7e6000 	C:\WINDOWS\System32\GDI32.dll
0x00007ff96bc50000 - 0x00007ff96bde8000 	C:\WINDOWS\System32\gdi32full.dll
0x00007ff96b6e0000 - 0x00007ff96b77e000 	C:\WINDOWS\System32\msvcp_win.dll
0x00007ff948cf0000 - 0x00007ff948d09000 	C:\Program Files\Java\jdk-16\bin\VCRUNTIME140.dll
0x00007ff951470000 - 0x00007ff9516f4000 	C:\WINDOWS\WinSxS\amd64_microsoft.windows.common-controls_6595b64144ccf1df_6.0.18362.1316_none_9e7a364fe461dbd7\COMCTL32.dll
0x00007ff96d5a0000 - 0x00007ff96d8d7000 	C:\WINDOWS\System32\combase.dll
0x00007ff96bac0000 - 0x00007ff96bb41000 	C:\WINDOWS\System32\bcryptPrimitives.dll
0x00007ff963d90000 - 0x00007ff963d9a000 	C:\WINDOWS\SYSTEM32\VERSION.dll
0x00007ff96cdd0000 - 0x00007ff96cdfe000 	C:\WINDOWS\System32\IMM32.DLL
0x00007ff94e400000 - 0x00007ff94e40c000 	C:\Program Files\Java\jdk-16\bin\vcruntime140_1.dll
0x00007ff941a40000 - 0x00007ff941ad1000 	C:\Program Files\Java\jdk-16\bin\msvcp140.dll
0x00007ff91e0c0000 - 0x00007ff91ec6b000 	C:\Program Files\Java\jdk-16\bin\server\jvm.dll
0x00007ff96d170000 - 0x00007ff96d178000 	C:\WINDOWS\System32\PSAPI.DLL
0x00007ff951b70000 - 0x00007ff951b79000 	C:\WINDOWS\SYSTEM32\WSOCK32.dll
0x00007ff96c8c0000 - 0x00007ff96c92f000 	C:\WINDOWS\System32\WS2_32.dll
0x00007ff967e10000 - 0x00007ff967e34000 	C:\WINDOWS\SYSTEM32\WINMM.dll
0x00007ff967de0000 - 0x00007ff967e0d000 	C:\WINDOWS\SYSTEM32\WINMMBASE.dll
0x00007ff96bdf0000 - 0x00007ff96be3a000 	C:\WINDOWS\System32\cfgmgr32.dll
0x00007ff96b5c0000 - 0x00007ff96b5d1000 	C:\WINDOWS\System32\kernel.appcore.dll
0x00007ff94c300000 - 0x00007ff94c30a000 	C:\Program Files\Java\jdk-16\bin\jimage.dll
0x00007ff969f20000 - 0x00007ff96a114000 	C:\WINDOWS\SYSTEM32\DBGHELP.DLL
0x00007ff958a20000 - 0x00007ff958a4a000 	C:\WINDOWS\SYSTEM32\dbgcore.DLL
0x00007ff948a30000 - 0x00007ff948a55000 	C:\Program Files\Java\jdk-16\bin\java.dll

dbghelp: loaded successfully - version: 4.0.5 - missing functions: none
symbol engine: initialized successfully - sym options: 0x614 - pdb path: .;C:\Program Files\Java\jdk-16\bin;C:\WINDOWS\SYSTEM32;C:\WINDOWS\WinSxS\amd64_microsoft.windows.common-controls_6595b64144ccf1df_6.0.18362.1316_none_9e7a364fe461dbd7;C:\Program Files\Java\jdk-16\bin\server

VM Arguments:
jvm_args: -Dclassworlds.conf=C:\Program Files\NetBeans-12.3\netbeans\java\maven\bin\..\bin\m2.conf -Dmaven.home=C:\Program Files\NetBeans-12.3\netbeans\java\maven\bin\.. -Dlibrary.jansi.path=C:\Program Files\NetBeans-12.3\netbeans\java\maven\bin\..\lib\jansi-native -Dmaven.multiModuleProjectDirectory=C:\Users\KHOMOTSO\Documents\NetBeansProjects\AdpAssessmentProject 
java_command: org.codehaus.plexus.classworlds.launcher.Launcher -Dtest=za.ac.mycput.adpassessmentproject.TriangleAreaTest#testTimeout -Dmaven.ext.class.path=C:\Program Files\NetBeans-12.3\netbeans\java\maven-nblib\netbeans-eventspy.jar -Dfile.encoding=UTF-8 surefire:test
java_class_path (initial): C:\Program Files\NetBeans-12.3\netbeans\java\maven\bin\..\boot\plexus-classworlds-2.6.0.jar
Launcher Type: SUN_STANDARD

[Global flags]
     intx CICompilerCount                          = 2                                         {product} {ergonomic}
     uint ConcGCThreads                            = 1                                         {product} {ergonomic}
     uint G1ConcRefinementThreads                  = 2                                         {product} {ergonomic}
   size_t G1HeapRegionSize                         = 1048576                                   {product} {ergonomic}
    uintx GCDrainStackTargetSize                   = 64                                        {product} {ergonomic}
   size_t InitialHeapSize                          = 67108864                                  {product} {ergonomic}
   size_t MarkStackSize                            = 4194304                                   {product} {ergonomic}
   size_t MaxHeapSize                              = 1044381696                                {product} {ergonomic}
   size_t MinHeapDeltaBytes                        = 1048576                                   {product} {ergonomic}
   size_t MinHeapSize                              = 8388608                                   {product} {ergonomic}
    uintx NonNMethodCodeHeapSize                   = 5826188                                {pd product} {ergonomic}
    uintx NonProfiledCodeHeapSize                  = 122916026                              {pd product} {ergonomic}
    uintx ProfiledCodeHeapSize                     = 122916026                              {pd product} {ergonomic}
    uintx ReservedCodeCacheSize                    = 251658240                              {pd product} {ergonomic}
     bool SegmentedCodeCache                       = true                                      {product} {ergonomic}
   size_t SoftMaxHeapSize                          = 1044381696                             {manageable} {ergonomic}
     bool UseCompressedClassPointers               = true                           {product lp64_product} {ergonomic}
     bool UseCompressedOops                        = true                           {product lp64_product} {ergonomic}
     bool UseG1GC                                  = true                                      {product} {ergonomic}
     bool UseLargePagesIndividualAllocation        = false                                  {pd product} {ergonomic}

Logging:
Log output configuration:
 #0: stdout all=warning uptime,level,tags
 #1: stderr all=off uptime,level,tags

Environment Variables:
JAVA_HOME=C:\Program Files\Java\jdk-16
PATH=C:\Program Files\Common Files\Oracle\Java\javapath;C:\WINDOWS\system32;C:\WINDOWS;C:\WINDOWS\System32\Wbem;C:\WINDOWS\System32\WindowsPowerShell\v1.0\;C:\WINDOWS\System32\OpenSSH\;C:\Users\KHOMOTSO\AppData\Local\Microsoft\WindowsApps;
USERNAME=KHOMOTSO
OS=Windows_NT
PROCESSOR_IDENTIFIER=AMD64 Family 21 Model 112 Stepping 0, AuthenticAMD



---------------  S Y S T E M  ---------------

OS:
 Windows 10 , 64 bit Build 18362 (10.0.18362.1316)
OS uptime: 2 days 1:12 hours

CPU: total 2 (initial active 2) (2 cores per cpu, 1 threads per core) family 21 model 112 stepping 0 microcode 0x0, cx8, cmov, fxsr, mmx, 3dnowpref, sse, sse2, sse3, ssse3, sse4a, sse4.1, sse4.2, popcnt, lzcnt, tsc, tscinvbit, avx, avx2, aes, clmul, bmi1, bmi2, fma, vzeroupper, clflush

Memory: 4k page, system-wide physical 3977M (425M free)
TotalPageFile size 7070M (AvailPageFile size 17M)
current process WorkingSet (physical memory assigned to process): 10M, peak: 10M
current process commit charge ("private bytes"): 47M, peak: 111M

vm_info: Java HotSpot(TM) 64-Bit Server VM (16+36-2231) for windows-amd64 JRE (16+36-2231), built on Feb  8 2021 11:43:10 by "mach5one" with MS VC++ 16.7 (VS2019)

END.
